<?xml version="1.0" encoding="UTF-8"?>
<testng-results skipped="0" failed="0" ignored="0" total="1" passed="1">
  <reporter-output>
  </reporter-output>
  <suite name="TestNG Suite" duration-ms="307145" started-at="2020-08-05T14:34:22 GMT+05:30" finished-at="2020-08-05T14:39:29 GMT+05:30">
    <groups>
    </groups>
    <test name="TestNG Test1" duration-ms="307145" started-at="2020-08-05T14:34:22 GMT+05:30" finished-at="2020-08-05T14:39:29 GMT+05:30">
      <class name="com.CucumberRunner">
        <test-method status="PASS" signature="setUpClass()[pri:0, instance:com.CucumberRunner@2a266d09]" name="setUpClass" is-config="true" duration-ms="516" started-at="2020-08-05T14:34:22 GMT+05:30" finished-at="2020-08-05T14:34:23 GMT+05:30">
          <reporter-output>
          </reporter-output>
        </test-method> <!-- setUpClass -->
        <test-method status="PASS" signature="setTestName(java.lang.reflect.Method, [Ljava.lang.Object;)[pri:0, instance:com.CucumberRunner@2a266d09]" name="setTestName" is-config="true" duration-ms="15" started-at="2020-08-05T14:34:23 GMT+05:30" finished-at="2020-08-05T14:34:23 GMT+05:30">
          <params>
            <param index="0">
              <value>
                <![CDATA[public void com.maveric.core.cucumber.CucumberBaseTest.scenario(io.cucumber.testng.PickleWrapper,io.cucumber.testng.FeatureWrapper) throws java.lang.Throwable]]>
              </value>
            </param>
            <param index="1">
              <value>
                <![CDATA[[Ljava.lang.Object;@49a64d82]]>
              </value>
            </param>
          </params>
          <reporter-output>
          </reporter-output>
        </test-method> <!-- setTestName -->
        <test-method status="PASS" signature="scenario(io.cucumber.testng.PickleWrapper, io.cucumber.testng.FeatureWrapper)[pri:0, instance:com.CucumberRunner@2a266d09]" name="scenario" duration-ms="305305" started-at="2020-08-05T14:34:23 GMT+05:30" data-provider="scenarios" finished-at="2020-08-05T14:39:28 GMT+05:30">
          <params>
            <param index="0">
              <value>
                <![CDATA["Register The User and Creating Account and Trasferring"]]>
              </value>
            </param>
            <param index="1">
              <value>
                <![CDATA["Optional[Parabank Assignment_Thamarai]"]]>
              </value>
            </param>
          </params>
          <reporter-output>
          </reporter-output>
        </test-method> <!-- scenario -->
        <test-method status="PASS" signature="afterMethod(org.testng.ITestResult)[pri:0, instance:com.CucumberRunner@2a266d09]" name="afterMethod" is-config="true" duration-ms="0" started-at="2020-08-05T14:39:29 GMT+05:30" finished-at="2020-08-05T14:39:29 GMT+05:30">
          <params>
            <param index="0">
              <value>
                <![CDATA[[TestResult name=Register The User and Creating Account and Trasferring status=SUCCESS method=CucumberBaseTest.scenario(io.cucumber.testng.PickleWrapper, io.cucumber.testng.FeatureWrapper)[pri:0, instance:com.CucumberRunner@2a266d09] output={null}]]]>
              </value>
            </param>
          </params>
          <reporter-output>
          </reporter-output>
        </test-method> <!-- afterMethod -->
        <test-method status="PASS" signature="tearDownClass()[pri:0, instance:com.CucumberRunner@2a266d09]" name="tearDownClass" is-config="true" duration-ms="77" started-at="2020-08-05T14:39:29 GMT+05:30" finished-at="2020-08-05T14:39:29 GMT+05:30">
          <reporter-output>
          </reporter-output>
        </test-method> <!-- tearDownClass -->
      </class> <!-- com.CucumberRunner -->
    </test> <!-- TestNG Test1 -->
  </suite> <!-- TestNG Suite -->
</testng-results>
